0 info it worked if it ends with ok
1 verbose cli [
1 verbose cli   '/home/nico/.nvm/versions/node/v12.9.0/bin/node',
1 verbose cli   '/home/nico/.nvm/versions/node/v12.9.0/bin/npm',
1 verbose cli   'run',
1 verbose cli   'start',
1 verbose cli   '--no-cache'
1 verbose cli ]
2 info using npm@6.10.2
3 info using node@v12.9.0
4 verbose run-script [ 'prestart', 'start', 'poststart' ]
5 info lifecycle shopping@0.1.0~prestart: shopping@0.1.0
6 info lifecycle shopping@0.1.0~start: shopping@0.1.0
7 verbose lifecycle shopping@0.1.0~start: unsafe-perm in lifecycle true
8 verbose lifecycle shopping@0.1.0~start: PATH: /home/nico/.nvm/versions/node/v12.9.0/lib/node_modules/npm/node_modules/npm-lifecycle/node-gyp-bin:/home/nico/Área de Trabalho/shopping/node_modules/.bin:/home/nico/.nvm/versions/node/v12.9.0/bin:/usr/local/sbin:/usr/local/bin:/usr/sbin:/usr/bin:/sbin:/bin:/usr/games:/usr/local/games:/snap/bin:/home/nico/Android/Sdk/emulator:/home/nico/Android/Sdk/tools:/home/nico/Android/Sdk/tools/bin:/home/nico/Android/Sdk/platform-tools
9 verbose lifecycle shopping@0.1.0~start: CWD: /home/nico/Área de Trabalho/shopping
10 silly lifecycle shopping@0.1.0~start: Args: [ '-c', 'react-scripts start' ]
11 silly lifecycle shopping@0.1.0~start: Returned: code: 1  signal: null
12 info lifecycle shopping@0.1.0~start: Failed to exec start script
13 verbose stack Error: shopping@0.1.0 start: `react-scripts start`
13 verbose stack Exit status 1
13 verbose stack     at EventEmitter.<anonymous> (/home/nico/.nvm/versions/node/v12.9.0/lib/node_modules/npm/node_modules/npm-lifecycle/index.js:326:16)
13 verbose stack     at EventEmitter.emit (events.js:209:13)
13 verbose stack     at ChildProcess.<anonymous> (/home/nico/.nvm/versions/node/v12.9.0/lib/node_modules/npm/node_modules/npm-lifecycle/lib/spawn.js:55:14)
13 verbose stack     at ChildProcess.emit (events.js:209:13)
13 verbose stack     at maybeClose (internal/child_process.js:1021:16)
13 verbose stack     at Process.ChildProcess._handle.onexit (internal/child_process.js:283:5)
14 verbose pkgid shopping@0.1.0
15 verbose cwd /home/nico/Área de Trabalho/shopping
16 verbose Linux 5.4.0-67-generic
17 verbose argv "/home/nico/.nvm/versions/node/v12.9.0/bin/node" "/home/nico/.nvm/versions/node/v12.9.0/bin/npm" "run" "start" "--no-cache"
18 verbose node v12.9.0
19 verbose npm  v6.10.2
20 error code ELIFECYCLE
21 error errno 1
22 error shopping@0.1.0 start: `react-scripts start`
22 error Exit status 1
23 error Failed at the shopping@0.1.0 start script.
23 error This is probably not a problem with npm. There is likely additional logging output above.
24 verbose exit [ 1, true ]
